生成启动时间为 2018/11/15 10:54:48。
     1>项目“G:\program\utli\随机裁剪图片成为背景\随机裁剪图片成为背景\随机裁剪图片成为背景.vcxproj”在节点 2 上(Rebuild 个目标)。
     1>ClCompile:
         C:\Program Files (x86)\Microsoft Visual Studio 14.0\VC\bin\x86_amd64\CL.exe /c /ZI /nologo /W3 /WX- /sdl /Od /D _DEBUG /D _CONSOLE /D _UNICODE /D UNICODE /Gm /EHsc /RTC1 /MDd /GS /fp:precise /Zc:wchar_t /Zc:forScope /Zc:inline /Fo"x64\Debug\\" /Fd"x64\Debug\vc140.pdb" /Gd /TP /errorReport:prompt ..\image_crop.cpp ..\tinyxml\tinystr.cpp ..\tinyxml\tinyxml.cpp ..\tinyxml\tinyxmlerror.cpp ..\tinyxml\tinyxmlparser.cpp
         tinyxmlparser.cpp
         tinyxmlerror.cpp
         tinyxml.cpp
         tinystr.cpp
         image_crop.cpp
     1>g:\program\utli\随机裁剪图片成为背景\image_crop.cpp(61): warning C4244: “=”: 从“int”转换到“float”，可能丢失数据
     1>g:\program\utli\随机裁剪图片成为背景\image_crop.cpp(62): warning C4244: “=”: 从“int”转换到“float”，可能丢失数据
     1>g:\program\utli\随机裁剪图片成为背景\image_crop.cpp(63): warning C4244: “=”: 从“int”转换到“float”，可能丢失数据
     1>g:\program\utli\随机裁剪图片成为背景\image_crop.cpp(93): warning C4800: “int”: 将值强制为布尔值“true”或“false”(性能警告)
     1>g:\program\utli\随机裁剪图片成为背景\image_crop.cpp(97): warning C4800: “int”: 将值强制为布尔值“true”或“false”(性能警告)
     1>g:\program\utli\随机裁剪图片成为背景\image_crop.cpp(210): warning C4244: “=”: 从“intptr_t”转换到“long”，可能丢失数据
         正在生成代码...
       Link:
         C:\Program Files (x86)\Microsoft Visual Studio 14.0\VC\bin\x86_amd64\link.exe /ERRORREPORT:PROMPT /OUT:"G:\program\utli\随机裁剪图片成为背景\x64\Debug\随机裁剪图片成为背景.exe" /INCREMENTAL /NOLOGO opencv_calib3d2413d.lib opencv_contrib2413d.lib opencv_core2413d.lib opencv_features2d2413d.lib opencv_flann2413d.lib opencv_gpu2413d.lib opencv_highgui2413d.lib opencv_imgproc2413d.lib opencv_legacy2413d.lib opencv_ml2413d.lib opencv_nonfree2413d.lib opencv_objdetect2413d.lib opencv_ocl2413d.lib opencv_photo2413d.lib opencv_stitching2413d.lib opencv_superres2413d.lib opencv_ts2413d.lib opencv_video2413d.lib opencv_videostab2413d.lib kernel32.lib user32.lib gdi32.lib winspool.lib comdlg32.lib advapi32.lib shell32.lib ole32.lib oleaut32.lib uuid.lib odbc32.lib odbccp32.lib /MANIFEST /MANIFESTUAC:"level='asInvoker' uiAccess='false'" /manifest:embed /Debug /PDB:"G:\program\utli\随机裁剪图片成为背景\x64\Debug\随机裁剪图片成为背景.pdb" /SUBSYSTEM:CONSOLE /TLBID:1 /DYNAMICBASE /NXCOMPAT /IMPLIB:"G:\program\utli\随机裁剪图片成为背景\x64\Debug\随机裁剪图片成为背景.lib" /MACHINE:X64 x64\Debug\image_crop.obj
         x64\Debug\tinystr.obj
         x64\Debug\tinyxml.obj
         x64\Debug\tinyxmlerror.obj
         x64\Debug\tinyxmlparser.obj
         随机裁剪图片成为背景.vcxproj -> G:\program\utli\随机裁剪图片成为背景\x64\Debug\随机裁剪图片成为背景.exe
     1>已完成生成项目“G:\program\utli\随机裁剪图片成为背景\随机裁剪图片成为背景\随机裁剪图片成为背景.vcxproj”(Rebuild 个目标)的操作。

已成功生成。

已用时间 00:00:02.36
